INFO [2020-10-26 10:56:09] $x
INFO [2020-10-26 10:56:09] list(top_20_gos, top_30_previous)
INFO [2020-10-26 10:56:09] 
INFO [2020-10-26 10:56:09] $category.names
INFO [2020-10-26 10:56:09] c("DSM+SM samples", "Published datasets")
INFO [2020-10-26 10:56:09] 
INFO [2020-10-26 10:56:09] $filename
INFO [2020-10-26 10:56:09] [1] "#14_venn_diagramm.png"
INFO [2020-10-26 10:56:09] 
INFO [2020-10-26 10:56:09] $output
INFO [2020-10-26 10:56:09] T
INFO [2020-10-26 10:56:09] 
INFO [2020-10-26 10:56:09] $imagetype
INFO [2020-10-26 10:56:09] [1] "png"
INFO [2020-10-26 10:56:09] 
INFO [2020-10-26 10:56:09] $height
INFO [2020-10-26 10:56:09] [1] 800
INFO [2020-10-26 10:56:09] 
INFO [2020-10-26 10:56:09] $width
INFO [2020-10-26 10:56:09] [1] 800
INFO [2020-10-26 10:56:09] 
INFO [2020-10-26 10:56:09] $resolution
INFO [2020-10-26 10:56:09] [1] 300
INFO [2020-10-26 10:56:09] 
INFO [2020-10-26 10:56:09] $compression
INFO [2020-10-26 10:56:09] [1] "lzw"
INFO [2020-10-26 10:56:09] 
INFO [2020-10-26 10:56:09] $lwd
INFO [2020-10-26 10:56:09] [1] 2
INFO [2020-10-26 10:56:09] 
INFO [2020-10-26 10:56:09] $lty
INFO [2020-10-26 10:56:09] [1] 1
INFO [2020-10-26 10:56:09] 
INFO [2020-10-26 10:56:09] $fill
INFO [2020-10-26 10:56:09] viridis_pal(alpha = 0.3)(2)
INFO [2020-10-26 10:56:09] 
INFO [2020-10-26 10:56:09] $col
INFO [2020-10-26 10:56:09] viridis_pal(alpha = 0.5)(2)
INFO [2020-10-26 10:56:09] 
INFO [2020-10-26 10:56:09] $cex
INFO [2020-10-26 10:56:09] [1] 0.6
INFO [2020-10-26 10:56:09] 
INFO [2020-10-26 10:56:09] $fontface
INFO [2020-10-26 10:56:09] [1] "bold"
INFO [2020-10-26 10:56:09] 
INFO [2020-10-26 10:56:09] $fontfamily
INFO [2020-10-26 10:56:09] [1] "sans"
INFO [2020-10-26 10:56:09] 
INFO [2020-10-26 10:56:09] $cat.cex
INFO [2020-10-26 10:56:09] [1] 0.6
INFO [2020-10-26 10:56:09] 
INFO [2020-10-26 10:56:09] $cat.fontface
INFO [2020-10-26 10:56:09] [1] "bold"
INFO [2020-10-26 10:56:09] 
INFO [2020-10-26 10:56:09] $cat.default.pos
INFO [2020-10-26 10:56:09] [1] "outer"
INFO [2020-10-26 10:56:09] 
INFO [2020-10-26 10:56:09] $cat.pos
INFO [2020-10-26 10:56:09] c(-27, 27)
INFO [2020-10-26 10:56:09] 
INFO [2020-10-26 10:56:09] $cat.dist
INFO [2020-10-26 10:56:09] c(0.055, 0.055)
INFO [2020-10-26 10:56:09] 
INFO [2020-10-26 10:56:09] $cat.fontfamily
INFO [2020-10-26 10:56:09] [1] "sans"
INFO [2020-10-26 10:56:09] 
INFO [2020-10-26 10:56:09] $cat.col
INFO [2020-10-26 10:56:09] viridis_pal()(2)
INFO [2020-10-26 10:56:09] 
