8160732 reads; of these:
  8160732 (100.00%) were unpaired; of these:
    8160716 (100.00%) aligned 0 times
    16 (0.00%) aligned exactly 1 time
    0 (0.00%) aligned >1 times
0.00% overall alignment rate
8160732 reads; of these:
  8160732 (100.00%) were unpaired; of these:
    8160717 (100.00%) aligned 0 times
    15 (0.00%) aligned exactly 1 time
    0 (0.00%) aligned >1 times
0.00% overall alignment rate
8160732 reads; of these:
  8160732 (100.00%) were unpaired; of these:
    8160721 (100.00%) aligned 0 times
    11 (0.00%) aligned exactly 1 time
    0 (0.00%) aligned >1 times
0.00% overall alignment rate
8160732 reads; of these:
  8160732 (100.00%) were unpaired; of these:
    8160661 (100.00%) aligned 0 times
    71 (0.00%) aligned exactly 1 time
    0 (0.00%) aligned >1 times
0.00% overall alignment rate
8160732 reads; of these:
  8160732 (100.00%) were unpaired; of these:
    8160650 (100.00%) aligned 0 times
    82 (0.00%) aligned exactly 1 time
    0 (0.00%) aligned >1 times
0.00% overall alignment rate
8160732 reads; of these:
  8160732 (100.00%) were unpaired; of these:
    8160667 (100.00%) aligned 0 times
    65 (0.00%) aligned exactly 1 time
    0 (0.00%) aligned >1 times
0.00% overall alignment rate
8160732 reads; of these:
  8160732 (100.00%) were unpaired; of these:
    8160707 (100.00%) aligned 0 times
    25 (0.00%) aligned exactly 1 time
    0 (0.00%) aligned >1 times
0.00% overall alignment rate
8160732 reads; of these:
  8160732 (100.00%) were unpaired; of these:
    8160704 (100.00%) aligned 0 times
    28 (0.00%) aligned exactly 1 time
    0 (0.00%) aligned >1 times
0.00% overall alignment rate
8160732 reads; of these:
  8160732 (100.00%) were unpaired; of these:
    8160721 (100.00%) aligned 0 times
    11 (0.00%) aligned exactly 1 time
    0 (0.00%) aligned >1 times
0.00% overall alignment rate
8160732 reads; of these:
  8160732 (100.00%) were unpaired; of these:
    8160707 (100.00%) aligned 0 times
    25 (0.00%) aligned exactly 1 time
    0 (0.00%) aligned >1 times
0.00% overall alignment rate
8160732 reads; of these:
  8160732 (100.00%) were unpaired; of these:
    8160664 (100.00%) aligned 0 times
    68 (0.00%) aligned exactly 1 time
    0 (0.00%) aligned >1 times
0.00% overall alignment rate
8160732 reads; of these:
  8160732 (100.00%) were unpaired; of these:
    8160731 (100.00%) aligned 0 times
    1 (0.00%) aligned exactly 1 time
    0 (0.00%) aligned >1 times
0.00% overall alignment rate
8160732 reads; of these:
  8160732 (100.00%) were unpaired; of these:
    8160549 (100.00%) aligned 0 times
    183 (0.00%) aligned exactly 1 time
    0 (0.00%) aligned >1 times
0.00% overall alignment rate
8160732 reads; of these:
  8160732 (100.00%) were unpaired; of these:
    8160686 (100.00%) aligned 0 times
    46 (0.00%) aligned exactly 1 time
    0 (0.00%) aligned >1 times
0.00% overall alignment rate
8160732 reads; of these:
  8160732 (100.00%) were unpaired; of these:
    8160703 (100.00%) aligned 0 times
    29 (0.00%) aligned exactly 1 time
    0 (0.00%) aligned >1 times
0.00% overall alignment rate
8160732 reads; of these:
  8160732 (100.00%) were unpaired; of these:
    8160634 (100.00%) aligned 0 times
    98 (0.00%) aligned exactly 1 time
    0 (0.00%) aligned >1 times
0.00% overall alignment rate
8160732 reads; of these:
  8160732 (100.00%) were unpaired; of these:
    8160417 (100.00%) aligned 0 times
    315 (0.00%) aligned exactly 1 time
    0 (0.00%) aligned >1 times
0.00% overall alignment rate
8160732 reads; of these:
  8160732 (100.00%) were unpaired; of these:
    8160313 (99.99%) aligned 0 times
    419 (0.01%) aligned exactly 1 time
    0 (0.00%) aligned >1 times
0.01% overall alignment rate
8160732 reads; of these:
  8160732 (100.00%) were unpaired; of these:
    8153198 (99.91%) aligned 0 times
    7534 (0.09%) aligned exactly 1 time
    0 (0.00%) aligned >1 times
0.09% overall alignment rate
8160732 reads; of these:
  8160732 (100.00%) were unpaired; of these:
    8158973 (99.98%) aligned 0 times
    1759 (0.02%) aligned exactly 1 time
    0 (0.00%) aligned >1 times
0.02% overall alignment rate
8160732 reads; of these:
  8160732 (100.00%) were unpaired; of these:
    8138121 (99.72%) aligned 0 times
    22611 (0.28%) aligned exactly 1 time
    0 (0.00%) aligned >1 times
0.28% overall alignment rate
8160732 reads; of these:
  8160732 (100.00%) were unpaired; of these:
    8160690 (100.00%) aligned 0 times
    42 (0.00%) aligned exactly 1 time
    0 (0.00%) aligned >1 times
0.00% overall alignment rate
8160732 reads; of these:
  8160732 (100.00%) were unpaired; of these:
    8160416 (100.00%) aligned 0 times
    316 (0.00%) aligned exactly 1 time
    0 (0.00%) aligned >1 times
0.00% overall alignment rate
8160732 reads; of these:
  8160732 (100.00%) were unpaired; of these:
    8160674 (100.00%) aligned 0 times
    58 (0.00%) aligned exactly 1 time
    0 (0.00%) aligned >1 times
0.00% overall alignment rate
8160732 reads; of these:
  8160732 (100.00%) were unpaired; of these:
    8160420 (100.00%) aligned 0 times
    312 (0.00%) aligned exactly 1 time
    0 (0.00%) aligned >1 times
0.00% overall alignment rate
