INFO [2020-10-26 10:57:59] $x
INFO [2020-10-26 10:57:59] list(top_20_gos, top_30_previous)
INFO [2020-10-26 10:57:59] 
INFO [2020-10-26 10:57:59] $category.names
INFO [2020-10-26 10:57:59] c("DSM+SM samples", "Published datasets")
INFO [2020-10-26 10:57:59] 
INFO [2020-10-26 10:57:59] $filename
INFO [2020-10-26 10:57:59] [1] "./Figures/Figure_7/venndiagram_gos_smdsm_and_previousdatasets.pdf"
INFO [2020-10-26 10:57:59] 
INFO [2020-10-26 10:57:59] $output
INFO [2020-10-26 10:57:59] T
INFO [2020-10-26 10:57:59] 
INFO [2020-10-26 10:57:59] $imagetype
INFO [2020-10-26 10:57:59] [1] "pdf"
INFO [2020-10-26 10:57:59] 
INFO [2020-10-26 10:57:59] $height
INFO [2020-10-26 10:57:59] [1] 800
INFO [2020-10-26 10:57:59] 
INFO [2020-10-26 10:57:59] $width
INFO [2020-10-26 10:57:59] [1] 800
INFO [2020-10-26 10:57:59] 
INFO [2020-10-26 10:57:59] $resolution
INFO [2020-10-26 10:57:59] [1] 300
INFO [2020-10-26 10:57:59] 
INFO [2020-10-26 10:57:59] $compression
INFO [2020-10-26 10:57:59] [1] "lzw"
INFO [2020-10-26 10:57:59] 
INFO [2020-10-26 10:57:59] $lwd
INFO [2020-10-26 10:57:59] [1] 2
INFO [2020-10-26 10:57:59] 
INFO [2020-10-26 10:57:59] $lty
INFO [2020-10-26 10:57:59] [1] 1
INFO [2020-10-26 10:57:59] 
INFO [2020-10-26 10:57:59] $fill
INFO [2020-10-26 10:57:59] viridis_pal(alpha = 0.3)(2)
INFO [2020-10-26 10:57:59] 
INFO [2020-10-26 10:57:59] $col
INFO [2020-10-26 10:57:59] viridis_pal(alpha = 0.5)(2)
INFO [2020-10-26 10:57:59] 
INFO [2020-10-26 10:57:59] $cex
INFO [2020-10-26 10:57:59] [1] 0.6
INFO [2020-10-26 10:57:59] 
INFO [2020-10-26 10:57:59] $fontface
INFO [2020-10-26 10:57:59] [1] "bold"
INFO [2020-10-26 10:57:59] 
INFO [2020-10-26 10:57:59] $fontfamily
INFO [2020-10-26 10:57:59] [1] "sans"
INFO [2020-10-26 10:57:59] 
INFO [2020-10-26 10:57:59] $cat.cex
INFO [2020-10-26 10:57:59] [1] 0.6
INFO [2020-10-26 10:57:59] 
INFO [2020-10-26 10:57:59] $cat.fontface
INFO [2020-10-26 10:57:59] [1] "bold"
INFO [2020-10-26 10:57:59] 
INFO [2020-10-26 10:57:59] $cat.default.pos
INFO [2020-10-26 10:57:59] [1] "outer"
INFO [2020-10-26 10:57:59] 
INFO [2020-10-26 10:57:59] $cat.pos
INFO [2020-10-26 10:57:59] c(-27, 27)
INFO [2020-10-26 10:57:59] 
INFO [2020-10-26 10:57:59] $cat.dist
INFO [2020-10-26 10:57:59] c(0.055, 0.055)
INFO [2020-10-26 10:57:59] 
INFO [2020-10-26 10:57:59] $cat.fontfamily
INFO [2020-10-26 10:57:59] [1] "sans"
INFO [2020-10-26 10:57:59] 
INFO [2020-10-26 10:57:59] $cat.col
INFO [2020-10-26 10:57:59] viridis_pal()(2)
INFO [2020-10-26 10:57:59] 
ERROR [2020-10-26 10:57:59] You have misspelled your 'imagetype', please try again
