INFO [2020-10-26 11:07:17] $x
INFO [2020-10-26 11:07:17] list(get_most_abundant_go(Hives_normalised_counts_go, top_x_gos = c(1:1000)), 
INFO [2020-10-26 11:07:17]     get_most_abundant_go(Hives_normalised_counts_go_previous, 
INFO [2020-10-26 11:07:17]         top_x_gos = c(1:1000)))
INFO [2020-10-26 11:07:17] 
INFO [2020-10-26 11:07:17] $category.names
INFO [2020-10-26 11:07:17] c("DSM+SM samples", "Published datasets")
INFO [2020-10-26 11:07:17] 
INFO [2020-10-26 11:07:17] $filename
INFO [2020-10-26 11:07:17] [1] "./Figures/Figure_7/venndiagram_gos_smdsm_and_previousdatasets.png"
INFO [2020-10-26 11:07:17] 
INFO [2020-10-26 11:07:17] $output
INFO [2020-10-26 11:07:17] T
INFO [2020-10-26 11:07:17] 
INFO [2020-10-26 11:07:17] $imagetype
INFO [2020-10-26 11:07:17] [1] "png"
INFO [2020-10-26 11:07:17] 
INFO [2020-10-26 11:07:17] $height
INFO [2020-10-26 11:07:17] [1] 800
INFO [2020-10-26 11:07:17] 
INFO [2020-10-26 11:07:17] $width
INFO [2020-10-26 11:07:17] [1] 800
INFO [2020-10-26 11:07:17] 
INFO [2020-10-26 11:07:17] $resolution
INFO [2020-10-26 11:07:17] [1] 300
INFO [2020-10-26 11:07:17] 
INFO [2020-10-26 11:07:17] $compression
INFO [2020-10-26 11:07:17] [1] "lzw"
INFO [2020-10-26 11:07:17] 
INFO [2020-10-26 11:07:17] $lwd
INFO [2020-10-26 11:07:17] [1] 2
INFO [2020-10-26 11:07:17] 
INFO [2020-10-26 11:07:17] $lty
INFO [2020-10-26 11:07:17] [1] 1
INFO [2020-10-26 11:07:17] 
INFO [2020-10-26 11:07:17] $fill
INFO [2020-10-26 11:07:17] viridis_pal(alpha = 0.3)(2)
INFO [2020-10-26 11:07:17] 
INFO [2020-10-26 11:07:17] $col
INFO [2020-10-26 11:07:17] viridis_pal(alpha = 0.5)(2)
INFO [2020-10-26 11:07:17] 
INFO [2020-10-26 11:07:17] $cex
INFO [2020-10-26 11:07:17] [1] 0.6
INFO [2020-10-26 11:07:17] 
INFO [2020-10-26 11:07:17] $fontface
INFO [2020-10-26 11:07:17] [1] "bold"
INFO [2020-10-26 11:07:17] 
INFO [2020-10-26 11:07:17] $fontfamily
INFO [2020-10-26 11:07:17] [1] "sans"
INFO [2020-10-26 11:07:17] 
INFO [2020-10-26 11:07:17] $cat.cex
INFO [2020-10-26 11:07:17] [1] 0.6
INFO [2020-10-26 11:07:17] 
INFO [2020-10-26 11:07:17] $cat.fontface
INFO [2020-10-26 11:07:17] [1] "bold"
INFO [2020-10-26 11:07:17] 
INFO [2020-10-26 11:07:17] $cat.default.pos
INFO [2020-10-26 11:07:17] [1] "outer"
INFO [2020-10-26 11:07:17] 
INFO [2020-10-26 11:07:17] $cat.pos
INFO [2020-10-26 11:07:17] c(-27, 27)
INFO [2020-10-26 11:07:17] 
INFO [2020-10-26 11:07:17] $cat.dist
INFO [2020-10-26 11:07:17] c(0.055, 0.055)
INFO [2020-10-26 11:07:17] 
INFO [2020-10-26 11:07:17] $cat.fontfamily
INFO [2020-10-26 11:07:17] [1] "sans"
INFO [2020-10-26 11:07:17] 
INFO [2020-10-26 11:07:17] $cat.col
INFO [2020-10-26 11:07:17] viridis_pal()(2)
INFO [2020-10-26 11:07:17] 
