INFO [2020-10-26 10:58:26] $x
INFO [2020-10-26 10:58:26] list(top_20_gos, top_30_previous)
INFO [2020-10-26 10:58:26] 
INFO [2020-10-26 10:58:26] $category.names
INFO [2020-10-26 10:58:26] c("DSM+SM samples", "Published datasets")
INFO [2020-10-26 10:58:26] 
INFO [2020-10-26 10:58:26] $filename
INFO [2020-10-26 10:58:26] [1] "./Figures/Figure_7/venndiagram_gos_smdsm_and_previousdatasets.png"
INFO [2020-10-26 10:58:26] 
INFO [2020-10-26 10:58:26] $output
INFO [2020-10-26 10:58:26] T
INFO [2020-10-26 10:58:26] 
INFO [2020-10-26 10:58:26] $imagetype
INFO [2020-10-26 10:58:26] [1] "png"
INFO [2020-10-26 10:58:26] 
INFO [2020-10-26 10:58:26] $height
INFO [2020-10-26 10:58:26] [1] 800
INFO [2020-10-26 10:58:26] 
INFO [2020-10-26 10:58:26] $width
INFO [2020-10-26 10:58:26] [1] 800
INFO [2020-10-26 10:58:26] 
INFO [2020-10-26 10:58:26] $resolution
INFO [2020-10-26 10:58:26] [1] 300
INFO [2020-10-26 10:58:26] 
INFO [2020-10-26 10:58:26] $compression
INFO [2020-10-26 10:58:26] [1] "lzw"
INFO [2020-10-26 10:58:26] 
INFO [2020-10-26 10:58:26] $lwd
INFO [2020-10-26 10:58:26] [1] 2
INFO [2020-10-26 10:58:26] 
INFO [2020-10-26 10:58:26] $lty
INFO [2020-10-26 10:58:26] [1] 1
INFO [2020-10-26 10:58:26] 
INFO [2020-10-26 10:58:26] $fill
INFO [2020-10-26 10:58:26] viridis_pal(alpha = 0.3)(2)
INFO [2020-10-26 10:58:26] 
INFO [2020-10-26 10:58:26] $col
INFO [2020-10-26 10:58:26] viridis_pal(alpha = 0.5)(2)
INFO [2020-10-26 10:58:26] 
INFO [2020-10-26 10:58:26] $cex
INFO [2020-10-26 10:58:26] [1] 0.6
INFO [2020-10-26 10:58:26] 
INFO [2020-10-26 10:58:26] $fontface
INFO [2020-10-26 10:58:26] [1] "bold"
INFO [2020-10-26 10:58:26] 
INFO [2020-10-26 10:58:26] $fontfamily
INFO [2020-10-26 10:58:26] [1] "sans"
INFO [2020-10-26 10:58:26] 
INFO [2020-10-26 10:58:26] $cat.cex
INFO [2020-10-26 10:58:26] [1] 0.6
INFO [2020-10-26 10:58:26] 
INFO [2020-10-26 10:58:26] $cat.fontface
INFO [2020-10-26 10:58:26] [1] "bold"
INFO [2020-10-26 10:58:26] 
INFO [2020-10-26 10:58:26] $cat.default.pos
INFO [2020-10-26 10:58:26] [1] "outer"
INFO [2020-10-26 10:58:26] 
INFO [2020-10-26 10:58:26] $cat.pos
INFO [2020-10-26 10:58:26] c(-27, 27)
INFO [2020-10-26 10:58:26] 
INFO [2020-10-26 10:58:26] $cat.dist
INFO [2020-10-26 10:58:26] c(0.055, 0.055)
INFO [2020-10-26 10:58:26] 
INFO [2020-10-26 10:58:26] $cat.fontfamily
INFO [2020-10-26 10:58:26] [1] "sans"
INFO [2020-10-26 10:58:26] 
INFO [2020-10-26 10:58:26] $cat.col
INFO [2020-10-26 10:58:26] viridis_pal()(2)
INFO [2020-10-26 10:58:26] 
