2038989 reads; of these:
  2038989 (100.00%) were unpaired; of these:
    2038965 (100.00%) aligned 0 times
    24 (0.00%) aligned exactly 1 time
    0 (0.00%) aligned >1 times
0.00% overall alignment rate
2038989 reads; of these:
  2038989 (100.00%) were unpaired; of these:
    2038984 (100.00%) aligned 0 times
    5 (0.00%) aligned exactly 1 time
    0 (0.00%) aligned >1 times
0.00% overall alignment rate
2038989 reads; of these:
  2038989 (100.00%) were unpaired; of these:
    2038987 (100.00%) aligned 0 times
    2 (0.00%) aligned exactly 1 time
    0 (0.00%) aligned >1 times
0.00% overall alignment rate
2038989 reads; of these:
  2038989 (100.00%) were unpaired; of these:
    2038979 (100.00%) aligned 0 times
    10 (0.00%) aligned exactly 1 time
    0 (0.00%) aligned >1 times
0.00% overall alignment rate
2038989 reads; of these:
  2038989 (100.00%) were unpaired; of these:
    2038979 (100.00%) aligned 0 times
    10 (0.00%) aligned exactly 1 time
    0 (0.00%) aligned >1 times
0.00% overall alignment rate
2038989 reads; of these:
  2038989 (100.00%) were unpaired; of these:
    2038980 (100.00%) aligned 0 times
    9 (0.00%) aligned exactly 1 time
    0 (0.00%) aligned >1 times
0.00% overall alignment rate
2038989 reads; of these:
  2038989 (100.00%) were unpaired; of these:
    2038978 (100.00%) aligned 0 times
    11 (0.00%) aligned exactly 1 time
    0 (0.00%) aligned >1 times
0.00% overall alignment rate
2038989 reads; of these:
  2038989 (100.00%) were unpaired; of these:
    2038977 (100.00%) aligned 0 times
    12 (0.00%) aligned exactly 1 time
    0 (0.00%) aligned >1 times
0.00% overall alignment rate
2038989 reads; of these:
  2038989 (100.00%) were unpaired; of these:
    2038929 (100.00%) aligned 0 times
    60 (0.00%) aligned exactly 1 time
    0 (0.00%) aligned >1 times
0.00% overall alignment rate
2038989 reads; of these:
  2038989 (100.00%) were unpaired; of these:
    2038986 (100.00%) aligned 0 times
    3 (0.00%) aligned exactly 1 time
    0 (0.00%) aligned >1 times
0.00% overall alignment rate
2038989 reads; of these:
  2038989 (100.00%) were unpaired; of these:
    2038981 (100.00%) aligned 0 times
    8 (0.00%) aligned exactly 1 time
    0 (0.00%) aligned >1 times
0.00% overall alignment rate
2038989 reads; of these:
  2038989 (100.00%) were unpaired; of these:
    2038989 (100.00%) aligned 0 times
    0 (0.00%) aligned exactly 1 time
    0 (0.00%) aligned >1 times
0.00% overall alignment rate
2038989 reads; of these:
  2038989 (100.00%) were unpaired; of these:
    2038958 (100.00%) aligned 0 times
    31 (0.00%) aligned exactly 1 time
    0 (0.00%) aligned >1 times
0.00% overall alignment rate
2038989 reads; of these:
  2038989 (100.00%) were unpaired; of these:
    2038636 (99.98%) aligned 0 times
    353 (0.02%) aligned exactly 1 time
    0 (0.00%) aligned >1 times
0.02% overall alignment rate
2038989 reads; of these:
  2038989 (100.00%) were unpaired; of these:
    2038977 (100.00%) aligned 0 times
    12 (0.00%) aligned exactly 1 time
    0 (0.00%) aligned >1 times
0.00% overall alignment rate
2038989 reads; of these:
  2038989 (100.00%) were unpaired; of these:
    2038984 (100.00%) aligned 0 times
    5 (0.00%) aligned exactly 1 time
    0 (0.00%) aligned >1 times
0.00% overall alignment rate
2038989 reads; of these:
  2038989 (100.00%) were unpaired; of these:
    2038960 (100.00%) aligned 0 times
    29 (0.00%) aligned exactly 1 time
    0 (0.00%) aligned >1 times
0.00% overall alignment rate
2038989 reads; of these:
  2038989 (100.00%) were unpaired; of these:
    2038882 (99.99%) aligned 0 times
    107 (0.01%) aligned exactly 1 time
    0 (0.00%) aligned >1 times
0.01% overall alignment rate
2038989 reads; of these:
  2038989 (100.00%) were unpaired; of these:
    2038983 (100.00%) aligned 0 times
    6 (0.00%) aligned exactly 1 time
    0 (0.00%) aligned >1 times
0.00% overall alignment rate
2038989 reads; of these:
  2038989 (100.00%) were unpaired; of these:
    2038604 (99.98%) aligned 0 times
    385 (0.02%) aligned exactly 1 time
    0 (0.00%) aligned >1 times
0.02% overall alignment rate
2038989 reads; of these:
  2038989 (100.00%) were unpaired; of these:
    2038297 (99.97%) aligned 0 times
    692 (0.03%) aligned exactly 1 time
    0 (0.00%) aligned >1 times
0.03% overall alignment rate
2038989 reads; of these:
  2038989 (100.00%) were unpaired; of these:
    2038582 (99.98%) aligned 0 times
    407 (0.02%) aligned exactly 1 time
    0 (0.00%) aligned >1 times
0.02% overall alignment rate
2038989 reads; of these:
  2038989 (100.00%) were unpaired; of these:
    2038948 (100.00%) aligned 0 times
    41 (0.00%) aligned exactly 1 time
    0 (0.00%) aligned >1 times
0.00% overall alignment rate
2038989 reads; of these:
  2038989 (100.00%) were unpaired; of these:
    2038973 (100.00%) aligned 0 times
    16 (0.00%) aligned exactly 1 time
    0 (0.00%) aligned >1 times
0.00% overall alignment rate
2038989 reads; of these:
  2038989 (100.00%) were unpaired; of these:
    2038965 (100.00%) aligned 0 times
    24 (0.00%) aligned exactly 1 time
    0 (0.00%) aligned >1 times
0.00% overall alignment rate
