3619844 reads; of these:
  3619844 (100.00%) were unpaired; of these:
    3619581 (99.99%) aligned 0 times
    263 (0.01%) aligned exactly 1 time
    0 (0.00%) aligned >1 times
0.01% overall alignment rate
3619844 reads; of these:
  3619844 (100.00%) were unpaired; of these:
    3619555 (99.99%) aligned 0 times
    289 (0.01%) aligned exactly 1 time
    0 (0.00%) aligned >1 times
0.01% overall alignment rate
3619844 reads; of these:
  3619844 (100.00%) were unpaired; of these:
    3619644 (99.99%) aligned 0 times
    200 (0.01%) aligned exactly 1 time
    0 (0.00%) aligned >1 times
0.01% overall alignment rate
3619844 reads; of these:
  3619844 (100.00%) were unpaired; of these:
    3619697 (100.00%) aligned 0 times
    147 (0.00%) aligned exactly 1 time
    0 (0.00%) aligned >1 times
0.00% overall alignment rate
3619844 reads; of these:
  3619844 (100.00%) were unpaired; of these:
    3619674 (100.00%) aligned 0 times
    170 (0.00%) aligned exactly 1 time
    0 (0.00%) aligned >1 times
0.00% overall alignment rate
3619844 reads; of these:
  3619844 (100.00%) were unpaired; of these:
    3619702 (100.00%) aligned 0 times
    142 (0.00%) aligned exactly 1 time
    0 (0.00%) aligned >1 times
0.00% overall alignment rate
3619844 reads; of these:
  3619844 (100.00%) were unpaired; of these:
    3619708 (100.00%) aligned 0 times
    136 (0.00%) aligned exactly 1 time
    0 (0.00%) aligned >1 times
0.00% overall alignment rate
3619844 reads; of these:
  3619844 (100.00%) were unpaired; of these:
    3619719 (100.00%) aligned 0 times
    125 (0.00%) aligned exactly 1 time
    0 (0.00%) aligned >1 times
0.00% overall alignment rate
3619844 reads; of these:
  3619844 (100.00%) were unpaired; of these:
    3619809 (100.00%) aligned 0 times
    35 (0.00%) aligned exactly 1 time
    0 (0.00%) aligned >1 times
0.00% overall alignment rate
3619844 reads; of these:
  3619844 (100.00%) were unpaired; of these:
    3619810 (100.00%) aligned 0 times
    34 (0.00%) aligned exactly 1 time
    0 (0.00%) aligned >1 times
0.00% overall alignment rate
3619844 reads; of these:
  3619844 (100.00%) were unpaired; of these:
    3619762 (100.00%) aligned 0 times
    82 (0.00%) aligned exactly 1 time
    0 (0.00%) aligned >1 times
0.00% overall alignment rate
3619844 reads; of these:
  3619844 (100.00%) were unpaired; of these:
    3619844 (100.00%) aligned 0 times
    0 (0.00%) aligned exactly 1 time
    0 (0.00%) aligned >1 times
0.00% overall alignment rate
3619844 reads; of these:
  3619844 (100.00%) were unpaired; of these:
    3619744 (100.00%) aligned 0 times
    100 (0.00%) aligned exactly 1 time
    0 (0.00%) aligned >1 times
0.00% overall alignment rate
3619844 reads; of these:
  3619844 (100.00%) were unpaired; of these:
    3619715 (100.00%) aligned 0 times
    129 (0.00%) aligned exactly 1 time
    0 (0.00%) aligned >1 times
0.00% overall alignment rate
3619844 reads; of these:
  3619844 (100.00%) were unpaired; of these:
    3619782 (100.00%) aligned 0 times
    62 (0.00%) aligned exactly 1 time
    0 (0.00%) aligned >1 times
0.00% overall alignment rate
3619844 reads; of these:
  3619844 (100.00%) were unpaired; of these:
    3619604 (99.99%) aligned 0 times
    240 (0.01%) aligned exactly 1 time
    0 (0.00%) aligned >1 times
0.01% overall alignment rate
3619844 reads; of these:
  3619844 (100.00%) were unpaired; of these:
    3619801 (100.00%) aligned 0 times
    43 (0.00%) aligned exactly 1 time
    0 (0.00%) aligned >1 times
0.00% overall alignment rate
3619844 reads; of these:
  3619844 (100.00%) were unpaired; of these:
    3619806 (100.00%) aligned 0 times
    38 (0.00%) aligned exactly 1 time
    0 (0.00%) aligned >1 times
0.00% overall alignment rate
3619844 reads; of these:
  3619844 (100.00%) were unpaired; of these:
    3619628 (99.99%) aligned 0 times
    216 (0.01%) aligned exactly 1 time
    0 (0.00%) aligned >1 times
0.01% overall alignment rate
3619844 reads; of these:
  3619844 (100.00%) were unpaired; of these:
    3618172 (99.95%) aligned 0 times
    1672 (0.05%) aligned exactly 1 time
    0 (0.00%) aligned >1 times
0.05% overall alignment rate
3619844 reads; of these:
  3619844 (100.00%) were unpaired; of these:
    3581595 (98.94%) aligned 0 times
    38249 (1.06%) aligned exactly 1 time
    0 (0.00%) aligned >1 times
1.06% overall alignment rate
3619844 reads; of these:
  3619844 (100.00%) were unpaired; of these:
    3619784 (100.00%) aligned 0 times
    60 (0.00%) aligned exactly 1 time
    0 (0.00%) aligned >1 times
0.00% overall alignment rate
3619844 reads; of these:
  3619844 (100.00%) were unpaired; of these:
    3618943 (99.98%) aligned 0 times
    901 (0.02%) aligned exactly 1 time
    0 (0.00%) aligned >1 times
0.02% overall alignment rate
3619844 reads; of these:
  3619844 (100.00%) were unpaired; of these:
    3618840 (99.97%) aligned 0 times
    1004 (0.03%) aligned exactly 1 time
    0 (0.00%) aligned >1 times
0.03% overall alignment rate
3619844 reads; of these:
  3619844 (100.00%) were unpaired; of these:
    3618546 (99.96%) aligned 0 times
    1298 (0.04%) aligned exactly 1 time
    0 (0.00%) aligned >1 times
0.04% overall alignment rate
