1444924 reads; of these:
  1444924 (100.00%) were unpaired; of these:
    1444868 (100.00%) aligned 0 times
    56 (0.00%) aligned exactly 1 time
    0 (0.00%) aligned >1 times
0.00% overall alignment rate
1444924 reads; of these:
  1444924 (100.00%) were unpaired; of these:
    1444893 (100.00%) aligned 0 times
    31 (0.00%) aligned exactly 1 time
    0 (0.00%) aligned >1 times
0.00% overall alignment rate
1444924 reads; of these:
  1444924 (100.00%) were unpaired; of these:
    1444901 (100.00%) aligned 0 times
    23 (0.00%) aligned exactly 1 time
    0 (0.00%) aligned >1 times
0.00% overall alignment rate
1444924 reads; of these:
  1444924 (100.00%) were unpaired; of these:
    1444914 (100.00%) aligned 0 times
    10 (0.00%) aligned exactly 1 time
    0 (0.00%) aligned >1 times
0.00% overall alignment rate
1444924 reads; of these:
  1444924 (100.00%) were unpaired; of these:
    1444909 (100.00%) aligned 0 times
    15 (0.00%) aligned exactly 1 time
    0 (0.00%) aligned >1 times
0.00% overall alignment rate
1444924 reads; of these:
  1444924 (100.00%) were unpaired; of these:
    1444915 (100.00%) aligned 0 times
    9 (0.00%) aligned exactly 1 time
    0 (0.00%) aligned >1 times
0.00% overall alignment rate
1444924 reads; of these:
  1444924 (100.00%) were unpaired; of these:
    1444908 (100.00%) aligned 0 times
    16 (0.00%) aligned exactly 1 time
    0 (0.00%) aligned >1 times
0.00% overall alignment rate
1444924 reads; of these:
  1444924 (100.00%) were unpaired; of these:
    1444904 (100.00%) aligned 0 times
    20 (0.00%) aligned exactly 1 time
    0 (0.00%) aligned >1 times
0.00% overall alignment rate
1444924 reads; of these:
  1444924 (100.00%) were unpaired; of these:
    1444923 (100.00%) aligned 0 times
    1 (0.00%) aligned exactly 1 time
    0 (0.00%) aligned >1 times
0.00% overall alignment rate
1444924 reads; of these:
  1444924 (100.00%) were unpaired; of these:
    1444922 (100.00%) aligned 0 times
    2 (0.00%) aligned exactly 1 time
    0 (0.00%) aligned >1 times
0.00% overall alignment rate
1444924 reads; of these:
  1444924 (100.00%) were unpaired; of these:
    1444918 (100.00%) aligned 0 times
    6 (0.00%) aligned exactly 1 time
    0 (0.00%) aligned >1 times
0.00% overall alignment rate
1444924 reads; of these:
  1444924 (100.00%) were unpaired; of these:
    1444924 (100.00%) aligned 0 times
    0 (0.00%) aligned exactly 1 time
    0 (0.00%) aligned >1 times
0.00% overall alignment rate
1444924 reads; of these:
  1444924 (100.00%) were unpaired; of these:
    1444915 (100.00%) aligned 0 times
    9 (0.00%) aligned exactly 1 time
    0 (0.00%) aligned >1 times
0.00% overall alignment rate
1444924 reads; of these:
  1444924 (100.00%) were unpaired; of these:
    1444839 (99.99%) aligned 0 times
    85 (0.01%) aligned exactly 1 time
    0 (0.00%) aligned >1 times
0.01% overall alignment rate
1444924 reads; of these:
  1444924 (100.00%) were unpaired; of these:
    1444906 (100.00%) aligned 0 times
    18 (0.00%) aligned exactly 1 time
    0 (0.00%) aligned >1 times
0.00% overall alignment rate
1444924 reads; of these:
  1444924 (100.00%) were unpaired; of these:
    1444892 (100.00%) aligned 0 times
    32 (0.00%) aligned exactly 1 time
    0 (0.00%) aligned >1 times
0.00% overall alignment rate
1444924 reads; of these:
  1444924 (100.00%) were unpaired; of these:
    1444904 (100.00%) aligned 0 times
    20 (0.00%) aligned exactly 1 time
    0 (0.00%) aligned >1 times
0.00% overall alignment rate
1444924 reads; of these:
  1444924 (100.00%) were unpaired; of these:
    1443505 (99.90%) aligned 0 times
    1419 (0.10%) aligned exactly 1 time
    0 (0.00%) aligned >1 times
0.10% overall alignment rate
1444924 reads; of these:
  1444924 (100.00%) were unpaired; of these:
    1443793 (99.92%) aligned 0 times
    1131 (0.08%) aligned exactly 1 time
    0 (0.00%) aligned >1 times
0.08% overall alignment rate
1444924 reads; of these:
  1444924 (100.00%) were unpaired; of these:
    1444726 (99.99%) aligned 0 times
    198 (0.01%) aligned exactly 1 time
    0 (0.00%) aligned >1 times
0.01% overall alignment rate
1444924 reads; of these:
  1444924 (100.00%) were unpaired; of these:
    1433352 (99.20%) aligned 0 times
    11572 (0.80%) aligned exactly 1 time
    0 (0.00%) aligned >1 times
0.80% overall alignment rate
1444924 reads; of these:
  1444924 (100.00%) were unpaired; of these:
    1444882 (100.00%) aligned 0 times
    42 (0.00%) aligned exactly 1 time
    0 (0.00%) aligned >1 times
0.00% overall alignment rate
1444924 reads; of these:
  1444924 (100.00%) were unpaired; of these:
    1444855 (100.00%) aligned 0 times
    69 (0.00%) aligned exactly 1 time
    0 (0.00%) aligned >1 times
0.00% overall alignment rate
1444924 reads; of these:
  1444924 (100.00%) were unpaired; of these:
    1444916 (100.00%) aligned 0 times
    8 (0.00%) aligned exactly 1 time
    0 (0.00%) aligned >1 times
0.00% overall alignment rate
1444924 reads; of these:
  1444924 (100.00%) were unpaired; of these:
    1444857 (100.00%) aligned 0 times
    67 (0.00%) aligned exactly 1 time
    0 (0.00%) aligned >1 times
0.00% overall alignment rate
