2280627 reads; of these:
  2280627 (100.00%) were unpaired; of these:
    2280592 (100.00%) aligned 0 times
    35 (0.00%) aligned exactly 1 time
    0 (0.00%) aligned >1 times
0.00% overall alignment rate
2280627 reads; of these:
  2280627 (100.00%) were unpaired; of these:
    2280608 (100.00%) aligned 0 times
    19 (0.00%) aligned exactly 1 time
    0 (0.00%) aligned >1 times
0.00% overall alignment rate
2280627 reads; of these:
  2280627 (100.00%) were unpaired; of these:
    2280610 (100.00%) aligned 0 times
    17 (0.00%) aligned exactly 1 time
    0 (0.00%) aligned >1 times
0.00% overall alignment rate
2280627 reads; of these:
  2280627 (100.00%) were unpaired; of these:
    2280612 (100.00%) aligned 0 times
    15 (0.00%) aligned exactly 1 time
    0 (0.00%) aligned >1 times
0.00% overall alignment rate
2280627 reads; of these:
  2280627 (100.00%) were unpaired; of these:
    2280612 (100.00%) aligned 0 times
    15 (0.00%) aligned exactly 1 time
    0 (0.00%) aligned >1 times
0.00% overall alignment rate
2280627 reads; of these:
  2280627 (100.00%) were unpaired; of these:
    2280611 (100.00%) aligned 0 times
    16 (0.00%) aligned exactly 1 time
    0 (0.00%) aligned >1 times
0.00% overall alignment rate
2280627 reads; of these:
  2280627 (100.00%) were unpaired; of these:
    2280602 (100.00%) aligned 0 times
    25 (0.00%) aligned exactly 1 time
    0 (0.00%) aligned >1 times
0.00% overall alignment rate
2280627 reads; of these:
  2280627 (100.00%) were unpaired; of these:
    2280604 (100.00%) aligned 0 times
    23 (0.00%) aligned exactly 1 time
    0 (0.00%) aligned >1 times
0.00% overall alignment rate
2280627 reads; of these:
  2280627 (100.00%) were unpaired; of these:
    2280609 (100.00%) aligned 0 times
    18 (0.00%) aligned exactly 1 time
    0 (0.00%) aligned >1 times
0.00% overall alignment rate
2280627 reads; of these:
  2280627 (100.00%) were unpaired; of these:
    2280623 (100.00%) aligned 0 times
    4 (0.00%) aligned exactly 1 time
    0 (0.00%) aligned >1 times
0.00% overall alignment rate
2280627 reads; of these:
  2280627 (100.00%) were unpaired; of these:
    2280616 (100.00%) aligned 0 times
    11 (0.00%) aligned exactly 1 time
    0 (0.00%) aligned >1 times
0.00% overall alignment rate
2280627 reads; of these:
  2280627 (100.00%) were unpaired; of these:
    2280627 (100.00%) aligned 0 times
    0 (0.00%) aligned exactly 1 time
    0 (0.00%) aligned >1 times
0.00% overall alignment rate
2280627 reads; of these:
  2280627 (100.00%) were unpaired; of these:
    2280612 (100.00%) aligned 0 times
    15 (0.00%) aligned exactly 1 time
    0 (0.00%) aligned >1 times
0.00% overall alignment rate
2280627 reads; of these:
  2280627 (100.00%) were unpaired; of these:
    2280531 (100.00%) aligned 0 times
    96 (0.00%) aligned exactly 1 time
    0 (0.00%) aligned >1 times
0.00% overall alignment rate
2280627 reads; of these:
  2280627 (100.00%) were unpaired; of these:
    2280619 (100.00%) aligned 0 times
    8 (0.00%) aligned exactly 1 time
    0 (0.00%) aligned >1 times
0.00% overall alignment rate
2280627 reads; of these:
  2280627 (100.00%) were unpaired; of these:
    2280610 (100.00%) aligned 0 times
    17 (0.00%) aligned exactly 1 time
    0 (0.00%) aligned >1 times
0.00% overall alignment rate
2280627 reads; of these:
  2280627 (100.00%) were unpaired; of these:
    2280609 (100.00%) aligned 0 times
    18 (0.00%) aligned exactly 1 time
    0 (0.00%) aligned >1 times
0.00% overall alignment rate
2280627 reads; of these:
  2280627 (100.00%) were unpaired; of these:
    2280595 (100.00%) aligned 0 times
    32 (0.00%) aligned exactly 1 time
    0 (0.00%) aligned >1 times
0.00% overall alignment rate
2280627 reads; of these:
  2280627 (100.00%) were unpaired; of these:
    2280454 (99.99%) aligned 0 times
    173 (0.01%) aligned exactly 1 time
    0 (0.00%) aligned >1 times
0.01% overall alignment rate
2280627 reads; of these:
  2280627 (100.00%) were unpaired; of these:
    2280545 (100.00%) aligned 0 times
    82 (0.00%) aligned exactly 1 time
    0 (0.00%) aligned >1 times
0.00% overall alignment rate
2280627 reads; of these:
  2280627 (100.00%) were unpaired; of these:
    2271068 (99.58%) aligned 0 times
    9559 (0.42%) aligned exactly 1 time
    0 (0.00%) aligned >1 times
0.42% overall alignment rate
2280627 reads; of these:
  2280627 (100.00%) were unpaired; of these:
    2280615 (100.00%) aligned 0 times
    12 (0.00%) aligned exactly 1 time
    0 (0.00%) aligned >1 times
0.00% overall alignment rate
2280627 reads; of these:
  2280627 (100.00%) were unpaired; of these:
    2280572 (100.00%) aligned 0 times
    55 (0.00%) aligned exactly 1 time
    0 (0.00%) aligned >1 times
0.00% overall alignment rate
2280627 reads; of these:
  2280627 (100.00%) were unpaired; of these:
    2280594 (100.00%) aligned 0 times
    33 (0.00%) aligned exactly 1 time
    0 (0.00%) aligned >1 times
0.00% overall alignment rate
2280627 reads; of these:
  2280627 (100.00%) were unpaired; of these:
    2280561 (100.00%) aligned 0 times
    66 (0.00%) aligned exactly 1 time
    0 (0.00%) aligned >1 times
0.00% overall alignment rate
