4058520 reads; of these:
  4058520 (100.00%) were unpaired; of these:
    4058101 (99.99%) aligned 0 times
    419 (0.01%) aligned exactly 1 time
    0 (0.00%) aligned >1 times
0.01% overall alignment rate
4058520 reads; of these:
  4058520 (100.00%) were unpaired; of these:
    4057268 (99.97%) aligned 0 times
    1252 (0.03%) aligned exactly 1 time
    0 (0.00%) aligned >1 times
0.03% overall alignment rate
4058520 reads; of these:
  4058520 (100.00%) were unpaired; of these:
    4058308 (99.99%) aligned 0 times
    212 (0.01%) aligned exactly 1 time
    0 (0.00%) aligned >1 times
0.01% overall alignment rate
4058520 reads; of these:
  4058520 (100.00%) were unpaired; of these:
    4056714 (99.96%) aligned 0 times
    1806 (0.04%) aligned exactly 1 time
    0 (0.00%) aligned >1 times
0.04% overall alignment rate
4058520 reads; of these:
  4058520 (100.00%) were unpaired; of these:
    4056169 (99.94%) aligned 0 times
    2351 (0.06%) aligned exactly 1 time
    0 (0.00%) aligned >1 times
0.06% overall alignment rate
4058520 reads; of these:
  4058520 (100.00%) were unpaired; of these:
    4055832 (99.93%) aligned 0 times
    2688 (0.07%) aligned exactly 1 time
    0 (0.00%) aligned >1 times
0.07% overall alignment rate
4058520 reads; of these:
  4058520 (100.00%) were unpaired; of these:
    4058444 (100.00%) aligned 0 times
    76 (0.00%) aligned exactly 1 time
    0 (0.00%) aligned >1 times
0.00% overall alignment rate
4058520 reads; of these:
  4058520 (100.00%) were unpaired; of these:
    4058280 (99.99%) aligned 0 times
    240 (0.01%) aligned exactly 1 time
    0 (0.00%) aligned >1 times
0.01% overall alignment rate
4058520 reads; of these:
  4058520 (100.00%) were unpaired; of these:
    4056430 (99.95%) aligned 0 times
    2090 (0.05%) aligned exactly 1 time
    0 (0.00%) aligned >1 times
0.05% overall alignment rate
4058520 reads; of these:
  4058520 (100.00%) were unpaired; of these:
    4058312 (99.99%) aligned 0 times
    208 (0.01%) aligned exactly 1 time
    0 (0.00%) aligned >1 times
0.01% overall alignment rate
4058520 reads; of these:
  4058520 (100.00%) were unpaired; of these:
    4055044 (99.91%) aligned 0 times
    3476 (0.09%) aligned exactly 1 time
    0 (0.00%) aligned >1 times
0.09% overall alignment rate
4058520 reads; of these:
  4058520 (100.00%) were unpaired; of these:
    4058447 (100.00%) aligned 0 times
    73 (0.00%) aligned exactly 1 time
    0 (0.00%) aligned >1 times
0.00% overall alignment rate
4058520 reads; of these:
  4058520 (100.00%) were unpaired; of these:
    4034471 (99.41%) aligned 0 times
    24049 (0.59%) aligned exactly 1 time
    0 (0.00%) aligned >1 times
0.59% overall alignment rate
4058520 reads; of these:
  4058520 (100.00%) were unpaired; of these:
    4058445 (100.00%) aligned 0 times
    75 (0.00%) aligned exactly 1 time
    0 (0.00%) aligned >1 times
0.00% overall alignment rate
4058520 reads; of these:
  4058520 (100.00%) were unpaired; of these:
    4058472 (100.00%) aligned 0 times
    48 (0.00%) aligned exactly 1 time
    0 (0.00%) aligned >1 times
0.00% overall alignment rate
4058520 reads; of these:
  4058520 (100.00%) were unpaired; of these:
    4056842 (99.96%) aligned 0 times
    1678 (0.04%) aligned exactly 1 time
    0 (0.00%) aligned >1 times
0.04% overall alignment rate
4058520 reads; of these:
  4058520 (100.00%) were unpaired; of these:
    4058499 (100.00%) aligned 0 times
    21 (0.00%) aligned exactly 1 time
    0 (0.00%) aligned >1 times
0.00% overall alignment rate
4058520 reads; of these:
  4058520 (100.00%) were unpaired; of these:
    4058488 (100.00%) aligned 0 times
    32 (0.00%) aligned exactly 1 time
    0 (0.00%) aligned >1 times
0.00% overall alignment rate
4058520 reads; of these:
  4058520 (100.00%) were unpaired; of these:
    4058161 (99.99%) aligned 0 times
    359 (0.01%) aligned exactly 1 time
    0 (0.00%) aligned >1 times
0.01% overall alignment rate
4058520 reads; of these:
  4058520 (100.00%) were unpaired; of these:
    4058230 (99.99%) aligned 0 times
    290 (0.01%) aligned exactly 1 time
    0 (0.00%) aligned >1 times
0.01% overall alignment rate
4058520 reads; of these:
  4058520 (100.00%) were unpaired; of these:
    4004701 (98.67%) aligned 0 times
    53819 (1.33%) aligned exactly 1 time
    0 (0.00%) aligned >1 times
1.33% overall alignment rate
4058520 reads; of these:
  4058520 (100.00%) were unpaired; of these:
    4058469 (100.00%) aligned 0 times
    51 (0.00%) aligned exactly 1 time
    0 (0.00%) aligned >1 times
0.00% overall alignment rate
4058520 reads; of these:
  4058520 (100.00%) were unpaired; of these:
    4055702 (99.93%) aligned 0 times
    2818 (0.07%) aligned exactly 1 time
    0 (0.00%) aligned >1 times
0.07% overall alignment rate
4058520 reads; of these:
  4058520 (100.00%) were unpaired; of these:
    4057605 (99.98%) aligned 0 times
    915 (0.02%) aligned exactly 1 time
    0 (0.00%) aligned >1 times
0.02% overall alignment rate
4058520 reads; of these:
  4058520 (100.00%) were unpaired; of these:
    4056674 (99.95%) aligned 0 times
    1846 (0.05%) aligned exactly 1 time
    0 (0.00%) aligned >1 times
0.05% overall alignment rate
