3282782 reads; of these:
  3282782 (100.00%) were unpaired; of these:
    3282695 (100.00%) aligned 0 times
    87 (0.00%) aligned exactly 1 time
    0 (0.00%) aligned >1 times
0.00% overall alignment rate
3282782 reads; of these:
  3282782 (100.00%) were unpaired; of these:
    3282468 (99.99%) aligned 0 times
    314 (0.01%) aligned exactly 1 time
    0 (0.00%) aligned >1 times
0.01% overall alignment rate
3282782 reads; of these:
  3282782 (100.00%) were unpaired; of these:
    3282714 (100.00%) aligned 0 times
    68 (0.00%) aligned exactly 1 time
    0 (0.00%) aligned >1 times
0.00% overall alignment rate
3282782 reads; of these:
  3282782 (100.00%) were unpaired; of these:
    3281883 (99.97%) aligned 0 times
    899 (0.03%) aligned exactly 1 time
    0 (0.00%) aligned >1 times
0.03% overall alignment rate
3282782 reads; of these:
  3282782 (100.00%) were unpaired; of these:
    3281352 (99.96%) aligned 0 times
    1430 (0.04%) aligned exactly 1 time
    0 (0.00%) aligned >1 times
0.04% overall alignment rate
3282782 reads; of these:
  3282782 (100.00%) were unpaired; of these:
    3281906 (99.97%) aligned 0 times
    876 (0.03%) aligned exactly 1 time
    0 (0.00%) aligned >1 times
0.03% overall alignment rate
3282782 reads; of these:
  3282782 (100.00%) were unpaired; of these:
    3282753 (100.00%) aligned 0 times
    29 (0.00%) aligned exactly 1 time
    0 (0.00%) aligned >1 times
0.00% overall alignment rate
3282782 reads; of these:
  3282782 (100.00%) were unpaired; of these:
    3282663 (100.00%) aligned 0 times
    119 (0.00%) aligned exactly 1 time
    0 (0.00%) aligned >1 times
0.00% overall alignment rate
3282782 reads; of these:
  3282782 (100.00%) were unpaired; of these:
    3281473 (99.96%) aligned 0 times
    1309 (0.04%) aligned exactly 1 time
    0 (0.00%) aligned >1 times
0.04% overall alignment rate
3282782 reads; of these:
  3282782 (100.00%) were unpaired; of these:
    3282713 (100.00%) aligned 0 times
    69 (0.00%) aligned exactly 1 time
    0 (0.00%) aligned >1 times
0.00% overall alignment rate
3282782 reads; of these:
  3282782 (100.00%) were unpaired; of these:
    3281314 (99.96%) aligned 0 times
    1468 (0.04%) aligned exactly 1 time
    0 (0.00%) aligned >1 times
0.04% overall alignment rate
3282782 reads; of these:
  3282782 (100.00%) were unpaired; of these:
    3282748 (100.00%) aligned 0 times
    34 (0.00%) aligned exactly 1 time
    0 (0.00%) aligned >1 times
0.00% overall alignment rate
3282782 reads; of these:
  3282782 (100.00%) were unpaired; of these:
    3271398 (99.65%) aligned 0 times
    11384 (0.35%) aligned exactly 1 time
    0 (0.00%) aligned >1 times
0.35% overall alignment rate
3282782 reads; of these:
  3282782 (100.00%) were unpaired; of these:
    3282743 (100.00%) aligned 0 times
    39 (0.00%) aligned exactly 1 time
    0 (0.00%) aligned >1 times
0.00% overall alignment rate
3282782 reads; of these:
  3282782 (100.00%) were unpaired; of these:
    3282771 (100.00%) aligned 0 times
    11 (0.00%) aligned exactly 1 time
    0 (0.00%) aligned >1 times
0.00% overall alignment rate
3282782 reads; of these:
  3282782 (100.00%) were unpaired; of these:
    3282441 (99.99%) aligned 0 times
    341 (0.01%) aligned exactly 1 time
    0 (0.00%) aligned >1 times
0.01% overall alignment rate
3282782 reads; of these:
  3282782 (100.00%) were unpaired; of these:
    3282778 (100.00%) aligned 0 times
    4 (0.00%) aligned exactly 1 time
    0 (0.00%) aligned >1 times
0.00% overall alignment rate
3282782 reads; of these:
  3282782 (100.00%) were unpaired; of these:
    3282771 (100.00%) aligned 0 times
    11 (0.00%) aligned exactly 1 time
    0 (0.00%) aligned >1 times
0.00% overall alignment rate
3282782 reads; of these:
  3282782 (100.00%) were unpaired; of these:
    3282698 (100.00%) aligned 0 times
    84 (0.00%) aligned exactly 1 time
    0 (0.00%) aligned >1 times
0.00% overall alignment rate
3282782 reads; of these:
  3282782 (100.00%) were unpaired; of these:
    3282733 (100.00%) aligned 0 times
    49 (0.00%) aligned exactly 1 time
    0 (0.00%) aligned >1 times
0.00% overall alignment rate
3282782 reads; of these:
  3282782 (100.00%) were unpaired; of these:
    3274368 (99.74%) aligned 0 times
    8414 (0.26%) aligned exactly 1 time
    0 (0.00%) aligned >1 times
0.26% overall alignment rate
3282782 reads; of these:
  3282782 (100.00%) were unpaired; of these:
    3282757 (100.00%) aligned 0 times
    25 (0.00%) aligned exactly 1 time
    0 (0.00%) aligned >1 times
0.00% overall alignment rate
3282782 reads; of these:
  3282782 (100.00%) were unpaired; of these:
    3281798 (99.97%) aligned 0 times
    984 (0.03%) aligned exactly 1 time
    0 (0.00%) aligned >1 times
0.03% overall alignment rate
3282782 reads; of these:
  3282782 (100.00%) were unpaired; of these:
    3282494 (99.99%) aligned 0 times
    288 (0.01%) aligned exactly 1 time
    0 (0.00%) aligned >1 times
0.01% overall alignment rate
3282782 reads; of these:
  3282782 (100.00%) were unpaired; of these:
    3282425 (99.99%) aligned 0 times
    357 (0.01%) aligned exactly 1 time
    0 (0.00%) aligned >1 times
0.01% overall alignment rate
