2379244 reads; of these:
  2379244 (100.00%) were unpaired; of these:
    2379056 (99.99%) aligned 0 times
    188 (0.01%) aligned exactly 1 time
    0 (0.00%) aligned >1 times
0.01% overall alignment rate
2379244 reads; of these:
  2379244 (100.00%) were unpaired; of these:
    2379071 (99.99%) aligned 0 times
    173 (0.01%) aligned exactly 1 time
    0 (0.00%) aligned >1 times
0.01% overall alignment rate
2379244 reads; of these:
  2379244 (100.00%) were unpaired; of these:
    2379099 (99.99%) aligned 0 times
    145 (0.01%) aligned exactly 1 time
    0 (0.00%) aligned >1 times
0.01% overall alignment rate
2379244 reads; of these:
  2379244 (100.00%) were unpaired; of these:
    2379191 (100.00%) aligned 0 times
    53 (0.00%) aligned exactly 1 time
    0 (0.00%) aligned >1 times
0.00% overall alignment rate
2379244 reads; of these:
  2379244 (100.00%) were unpaired; of these:
    2379184 (100.00%) aligned 0 times
    60 (0.00%) aligned exactly 1 time
    0 (0.00%) aligned >1 times
0.00% overall alignment rate
2379244 reads; of these:
  2379244 (100.00%) were unpaired; of these:
    2379196 (100.00%) aligned 0 times
    48 (0.00%) aligned exactly 1 time
    0 (0.00%) aligned >1 times
0.00% overall alignment rate
2379244 reads; of these:
  2379244 (100.00%) were unpaired; of these:
    2379161 (100.00%) aligned 0 times
    83 (0.00%) aligned exactly 1 time
    0 (0.00%) aligned >1 times
0.00% overall alignment rate
2379244 reads; of these:
  2379244 (100.00%) were unpaired; of these:
    2379170 (100.00%) aligned 0 times
    74 (0.00%) aligned exactly 1 time
    0 (0.00%) aligned >1 times
0.00% overall alignment rate
2379244 reads; of these:
  2379244 (100.00%) were unpaired; of these:
    2379207 (100.00%) aligned 0 times
    37 (0.00%) aligned exactly 1 time
    0 (0.00%) aligned >1 times
0.00% overall alignment rate
2379244 reads; of these:
  2379244 (100.00%) were unpaired; of these:
    2379227 (100.00%) aligned 0 times
    17 (0.00%) aligned exactly 1 time
    0 (0.00%) aligned >1 times
0.00% overall alignment rate
2379244 reads; of these:
  2379244 (100.00%) were unpaired; of these:
    2379202 (100.00%) aligned 0 times
    42 (0.00%) aligned exactly 1 time
    0 (0.00%) aligned >1 times
0.00% overall alignment rate
2379244 reads; of these:
  2379244 (100.00%) were unpaired; of these:
    2379243 (100.00%) aligned 0 times
    1 (0.00%) aligned exactly 1 time
    0 (0.00%) aligned >1 times
0.00% overall alignment rate
2379244 reads; of these:
  2379244 (100.00%) were unpaired; of these:
    2379169 (100.00%) aligned 0 times
    75 (0.00%) aligned exactly 1 time
    0 (0.00%) aligned >1 times
0.00% overall alignment rate
2379244 reads; of these:
  2379244 (100.00%) were unpaired; of these:
    2379076 (99.99%) aligned 0 times
    168 (0.01%) aligned exactly 1 time
    0 (0.00%) aligned >1 times
0.01% overall alignment rate
2379244 reads; of these:
  2379244 (100.00%) were unpaired; of these:
    2379207 (100.00%) aligned 0 times
    37 (0.00%) aligned exactly 1 time
    0 (0.00%) aligned >1 times
0.00% overall alignment rate
2379244 reads; of these:
  2379244 (100.00%) were unpaired; of these:
    2378978 (99.99%) aligned 0 times
    266 (0.01%) aligned exactly 1 time
    0 (0.00%) aligned >1 times
0.01% overall alignment rate
2379244 reads; of these:
  2379244 (100.00%) were unpaired; of these:
    2379225 (100.00%) aligned 0 times
    19 (0.00%) aligned exactly 1 time
    0 (0.00%) aligned >1 times
0.00% overall alignment rate
2379244 reads; of these:
  2379244 (100.00%) were unpaired; of these:
    2379110 (99.99%) aligned 0 times
    134 (0.01%) aligned exactly 1 time
    0 (0.00%) aligned >1 times
0.01% overall alignment rate
2379244 reads; of these:
  2379244 (100.00%) were unpaired; of these:
    2379048 (99.99%) aligned 0 times
    196 (0.01%) aligned exactly 1 time
    0 (0.00%) aligned >1 times
0.01% overall alignment rate
2379244 reads; of these:
  2379244 (100.00%) were unpaired; of these:
    2379126 (100.00%) aligned 0 times
    118 (0.00%) aligned exactly 1 time
    0 (0.00%) aligned >1 times
0.00% overall alignment rate
2379244 reads; of these:
  2379244 (100.00%) were unpaired; of these:
    2358922 (99.15%) aligned 0 times
    20322 (0.85%) aligned exactly 1 time
    0 (0.00%) aligned >1 times
0.85% overall alignment rate
2379244 reads; of these:
  2379244 (100.00%) were unpaired; of these:
    2379210 (100.00%) aligned 0 times
    34 (0.00%) aligned exactly 1 time
    0 (0.00%) aligned >1 times
0.00% overall alignment rate
2379244 reads; of these:
  2379244 (100.00%) were unpaired; of these:
    2379008 (99.99%) aligned 0 times
    236 (0.01%) aligned exactly 1 time
    0 (0.00%) aligned >1 times
0.01% overall alignment rate
2379244 reads; of these:
  2379244 (100.00%) were unpaired; of these:
    2378935 (99.99%) aligned 0 times
    309 (0.01%) aligned exactly 1 time
    0 (0.00%) aligned >1 times
0.01% overall alignment rate
2379244 reads; of these:
  2379244 (100.00%) were unpaired; of these:
    2378764 (99.98%) aligned 0 times
    480 (0.02%) aligned exactly 1 time
    0 (0.00%) aligned >1 times
0.02% overall alignment rate
